<?xml version="1.0" encoding="UTF-8"?>
<!-- Generated by org.testng.reporters.JUnitReportReporter -->
<testsuite hostname="DESKTOP-4NS7VRM" failures="0" tests="3" name="org.example.AppTest" time="68.212" errors="0" timestamp="2024-12-28T18:23:25 IST" skipped="0">
  <testcase classname="org.example.AppTest" name="OpenInFirefox" time="26.191"/>
  <testcase classname="org.example.AppTest" name="OpenInChrome" time="20.301"/>
  <testcase classname="org.example.AppTest" name="OpenInEdge" time="21.720"/>
</testsuite> <!-- org.example.AppTest -->
