<?xml version="1.0" encoding="UTF-8"?>
<!-- Generated by org.testng.reporters.JUnitReportReporter -->
<testsuite hostname="gauravKhurana" failures="0" tests="3" name="org.example.AppTest" time="73.571" errors="0" timestamp="2023-10-23T15:20:04 IST" skipped="0">
  <testcase classname="org.example.AppTest" name="OpenInChrome" time="24.502"/>
  <testcase classname="org.example.AppTest" name="OpenInEdge" time="24.692"/>
  <testcase classname="org.example.AppTest" name="OpenInFirefox" time="24.377"/>
</testsuite> <!-- org.example.AppTest -->
